
  .   ____          _            __ _ _
 /\\ / ___'_ __ _ _(_)_ __  __ _ \ \ \ \
( ( )\___ | '_ | '_| | '_ \/ _` | \ \ \ \
 \\/  ___)| |_)| | | | | || (_| |  ) ) ) )
  '  |____| .__|_| |_|_| |_\__, | / / / /
 =========|_|==============|___/=/_/_/_/
 :: Spring Boot ::               (v2.6.12)

2022-12-19 14:57:44.307  INFO [configserver,,] 3432 --- [           main] c.e.c.ConfigserverApplication            : Starting ConfigserverApplication v0.0.1-SNAPSHOT using Java 11.0.13 on DESKTOP-Q1VBOT1 with PID 3432 (C:\Users\HP\Desktop\SpringBootProjects\udemy cours reworked\configserver\target\configserver-0.0.1-SNAPSHOT.jar started by HP in C:\Users\HP\Desktop\SpringBootProjects\udemy cours reworked)
2022-12-19 14:57:44.312  INFO [configserver,,] 3432 --- [           main] c.e.c.ConfigserverApplication            : The following 1 profile is active: "git"
2022-12-19 14:57:46.419  INFO [configserver,,] 3432 --- [           main] o.s.cloud.context.scope.GenericScope     : BeanFactory id=577a1960-a9b5-3c65-8423-8c24c34c616d
2022-12-19 14:57:48.164  INFO [configserver,,] 3432 --- [           main] o.s.b.w.embedded.tomcat.TomcatWebServer  : Tomcat initialized with port(s): 8071 (http)
2022-12-19 14:57:48.175  INFO [configserver,,] 3432 --- [           main] o.apache.catalina.core.StandardService   : Starting service [Tomcat]
2022-12-19 14:57:48.175  INFO [configserver,,] 3432 --- [           main] org.apache.catalina.core.StandardEngine  : Starting Servlet engine: [Apache Tomcat/9.0.65]
2022-12-19 14:57:48.242  INFO [configserver,,] 3432 --- [           main] o.a.c.c.C.[Tomcat].[localhost].[/]       : Initializing Spring embedded WebApplicationContext
2022-12-19 14:57:48.242  INFO [configserver,,] 3432 --- [           main] w.s.c.ServletWebServerApplicationContext : Root WebApplicationContext: initialization completed in 3831 ms
2022-12-19 14:57:58.001  INFO [configserver,,] 3432 --- [           main] o.s.b.a.e.web.EndpointLinksResolver      : Exposing 1 endpoint(s) beneath base path '/actuator'
2022-12-19 14:57:58.178  INFO [configserver,,] 3432 --- [           main] o.s.b.w.embedded.tomcat.TomcatWebServer  : Tomcat started on port(s): 8071 (http) with context path ''
2022-12-19 14:57:58.953  INFO [configserver,,] 3432 --- [           main] c.e.c.ConfigserverApplication            : Started ConfigserverApplication in 16.266 seconds (JVM running for 17.265)
2022-12-19 14:58:21.217  INFO [configserver,0458732c631fb5c4,0458732c631fb5c4] 3432 --- [nio-8071-exec-1] o.a.c.c.C.[Tomcat].[localhost].[/]       : Initializing Spring DispatcherServlet 'dispatcherServlet'
2022-12-19 14:58:21.218  INFO [configserver,0458732c631fb5c4,0458732c631fb5c4] 3432 --- [nio-8071-exec-1] o.s.web.servlet.DispatcherServlet        : Initializing Servlet 'dispatcherServlet'
2022-12-19 14:58:21.219  INFO [configserver,0458732c631fb5c4,0458732c631fb5c4] 3432 --- [nio-8071-exec-1] o.s.web.servlet.DispatcherServlet        : Completed initialization in 1 ms
2022-12-19 14:58:22.740  INFO [configserver,0458732c631fb5c4,68567ddbe760461b] 3432 --- [nio-8071-exec-1] o.s.c.c.s.e.NativeEnvironmentRepository  : Adding property source: Config resource 'file [C:\Users\HP\AppData\Local\Temp\config-repo-11768906230748903967\loans-dev.properties]' via location 'file:/C:/Users/HP/AppData/Local/Temp/config-repo-11768906230748903967/'
2022-12-19 14:58:22.741  INFO [configserver,0458732c631fb5c4,68567ddbe760461b] 3432 --- [nio-8071-exec-1] o.s.c.c.s.e.NativeEnvironmentRepository  : Adding property source: Config resource 'file [C:\Users\HP\AppData\Local\Temp\config-repo-11768906230748903967\loans.properties]' via location 'file:/C:/Users/HP/AppData/Local/Temp/config-repo-11768906230748903967/'
2022-12-19 15:00:18.594  INFO [configserver,2858073622082a49,8e8cbb51b1ecfb8f] 3432 --- [nio-8071-exec-3] o.s.c.c.s.e.NativeEnvironmentRepository  : Adding property source: Config resource 'file [C:\Users\HP\AppData\Local\Temp\config-repo-11768906230748903967\eurekaserver.properties]' via location 'file:/C:/Users/HP/AppData/Local/Temp/config-repo-11768906230748903967/'
2022-12-19 15:01:00.302  INFO [configserver,7fe35868ff14db0c,69092b85c4f5f47d] 3432 --- [nio-8071-exec-6] o.s.c.c.s.e.NativeEnvironmentRepository  : Adding property source: Config resource 'file [C:\Users\HP\AppData\Local\Temp\config-repo-11768906230748903967\eurekaserver.properties]' via location 'file:/C:/Users/HP/AppData/Local/Temp/config-repo-11768906230748903967/'
2022-12-19 15:01:25.568  INFO [configserver,80a8b16641546d80,63b007f4ab7318ad] 3432 --- [nio-8071-exec-4] o.s.c.c.s.e.NativeEnvironmentRepository  : Adding property source: Config resource 'file [C:\Users\HP\AppData\Local\Temp\config-repo-11768906230748903967\loans-dev.properties]' via location 'file:/C:/Users/HP/AppData/Local/Temp/config-repo-11768906230748903967/'
2022-12-19 15:01:25.568  INFO [configserver,80a8b16641546d80,63b007f4ab7318ad] 3432 --- [nio-8071-exec-4] o.s.c.c.s.e.NativeEnvironmentRepository  : Adding property source: Config resource 'file [C:\Users\HP\AppData\Local\Temp\config-repo-11768906230748903967\loans.properties]' via location 'file:/C:/Users/HP/AppData/Local/Temp/config-repo-11768906230748903967/'
2022-12-19 15:01:35.689  INFO [configserver,52012719dbff5634,8fa123532b9b4d23] 3432 --- [nio-8071-exec-7] o.s.c.c.s.e.NativeEnvironmentRepository  : Adding property source: Config resource 'file [C:\Users\HP\AppData\Local\Temp\config-repo-11768906230748903967\cards-dev.properties]' via location 'file:/C:/Users/HP/AppData/Local/Temp/config-repo-11768906230748903967/'
2022-12-19 15:01:35.690  INFO [configserver,52012719dbff5634,8fa123532b9b4d23] 3432 --- [nio-8071-exec-7] o.s.c.c.s.e.NativeEnvironmentRepository  : Adding property source: Config resource 'file [C:\Users\HP\AppData\Local\Temp\config-repo-11768906230748903967\cards.properties]' via location 'file:/C:/Users/HP/AppData/Local/Temp/config-repo-11768906230748903967/'
2022-12-19 15:02:24.519  INFO [configserver,799cbd9f4814ee7e,5b1a38b96abdb492] 3432 --- [nio-8071-exec-9] o.s.c.c.s.e.NativeEnvironmentRepository  : Adding property source: Config resource 'file [C:\Users\HP\AppData\Local\Temp\config-repo-11768906230748903967\accounts-prod.properties]' via location 'file:/C:/Users/HP/AppData/Local/Temp/config-repo-11768906230748903967/'
2022-12-19 15:02:24.520  INFO [configserver,799cbd9f4814ee7e,5b1a38b96abdb492] 3432 --- [nio-8071-exec-9] o.s.c.c.s.e.NativeEnvironmentRepository  : Adding property source: Config resource 'file [C:\Users\HP\AppData\Local\Temp\config-repo-11768906230748903967\accounts.properties]' via location 'file:/C:/Users/HP/AppData/Local/Temp/config-repo-11768906230748903967/'
2022-12-19 15:02:57.519  INFO [configserver,459e6e3f5fae1c91,4bc19677c1da1e0e] 3432 --- [nio-8071-exec-2] o.s.c.c.s.e.NativeEnvironmentRepository  : Adding property source: Config resource 'file [C:\Users\HP\AppData\Local\Temp\config-repo-11768906230748903967\gatewayserver.properties]' via location 'file:/C:/Users/HP/AppData/Local/Temp/config-repo-11768906230748903967/'
2022-12-19 15:06:30.762  INFO [configserver,b656043f4b987625,944d587c156ab84d] 3432 --- [nio-8071-exec-6] o.s.c.c.s.e.NativeEnvironmentRepository  : Adding property source: Config resource 'file [C:\Users\HP\AppData\Local\Temp\config-repo-11768906230748903967\gatewayserver.properties]' via location 'file:/C:/Users/HP/AppData/Local/Temp/config-repo-11768906230748903967/'
2022-12-19 15:08:01.803  INFO [configserver,6aba6b84955d1aa7,1bb90306cd265362] 3432 --- [nio-8071-exec-7] o.s.c.c.s.e.NativeEnvironmentRepository  : Adding property source: Config resource 'file [C:\Users\HP\AppData\Local\Temp\config-repo-11768906230748903967\gatewayserver.properties]' via location 'file:/C:/Users/HP/AppData/Local/Temp/config-repo-11768906230748903967/'
2022-12-19 17:14:59.221  INFO [configserver,5824c58eb1481b60,f4165839e8887b2d] 3432 --- [nio-8071-exec-9] o.s.c.c.s.e.NativeEnvironmentRepository  : Adding property source: Config resource 'file [C:\Users\HP\AppData\Local\Temp\config-repo-11768906230748903967\gatewayserver.properties]' via location 'file:/C:/Users/HP/AppData/Local/Temp/config-repo-11768906230748903967/'
2022-12-19 17:17:36.148  INFO [configserver,b6a20ca60adabcef,f6336284a01e9f2a] 3432 --- [nio-8071-exec-1] o.s.c.c.s.e.NativeEnvironmentRepository  : Adding property source: Config resource 'file [C:\Users\HP\AppData\Local\Temp\config-repo-11768906230748903967\gatewayserver.properties]' via location 'file:/C:/Users/HP/AppData/Local/Temp/config-repo-11768906230748903967/'
